<?xml version="1.0" encoding="UTF-8"?>
<coverage generated="1719282947325" clover="3.2.0">
  <project timestamp="1719282947326" name="All files">
    <metrics statements="44" coveredstatements="37" conditionals="0" coveredconditionals="0" methods="6" coveredmethods="4" elements="50" coveredelements="41" complexity="0" loc="44" ncloc="44" packages="4" files="5" classes="5"/>
    <package name="capstone-backend">
      <metrics statements="18" coveredstatements="16" conditionals="0" coveredconditionals="0" methods="3" coveredmethods="2"/>
      <file name="app.js" path="/Users/johnliu/Projects/src/github.com/stoic-llama/capstone-backend/app.js">
        <metrics statements="18" coveredstatements="16" conditionals="0" coveredconditionals="0" methods="3" coveredmethods="2"/>
        <line num="10" count="1" type="stmt"/>
        <line num="12" count="1" type="stmt"/>
        <line num="13" count="1" type="stmt"/>
        <line num="14" count="1" type="stmt"/>
        <line num="15" count="1" type="stmt"/>
        <line num="23" count="1" type="stmt"/>
        <line num="24" count="3" type="stmt"/>
        <line num="25" count="3" type="stmt"/>
        <line num="26" count="3" type="stmt"/>
        <line num="27" count="3" type="stmt"/>
        <line num="31" count="1" type="stmt"/>
        <line num="33" count="1" type="stmt"/>
        <line num="34" count="0" type="stmt"/>
        <line num="35" count="0" type="stmt"/>
        <line num="38" count="1" type="stmt"/>
        <line num="39" count="1" type="stmt"/>
        <line num="42" count="1" type="stmt"/>
        <line num="44" count="1" type="stmt"/>
      </file>
    </package>
    <package name="capstone-backend.controllers">
      <metrics statements="17" coveredstatements="12" conditionals="0" coveredconditionals="0" methods="3" coveredmethods="2"/>
      <file name="healthcheckController.js" path="/Users/johnliu/Projects/src/github.com/stoic-llama/capstone-backend/controllers/healthcheckController.js">
        <metrics statements="10" coveredstatements="9" conditionals="0" coveredconditionals="0" methods="2" coveredmethods="2"/>
        <line num="8" count="1" type="stmt"/>
        <line num="9" count="1" type="stmt"/>
        <line num="15" count="1" type="stmt"/>
        <line num="16" count="1" type="stmt"/>
        <line num="18" count="0" type="stmt"/>
        <line num="28" count="1" type="stmt"/>
        <line num="29" count="1" type="stmt"/>
        <line num="33" count="1" type="stmt"/>
        <line num="47" count="1" type="stmt"/>
        <line num="51" count="1" type="stmt"/>
      </file>
      <file name="storesController.js" path="/Users/johnliu/Projects/src/github.com/stoic-llama/capstone-backend/controllers/storesController.js">
        <metrics statements="7" coveredstatements="3" conditionals="0" coveredconditionals="0" methods="1" coveredmethods="0"/>
        <line num="1" count="1" type="stmt"/>
        <line num="5" count="1" type="stmt"/>
        <line num="9" count="0" type="stmt"/>
        <line num="10" count="0" type="stmt"/>
        <line num="11" count="0" type="stmt"/>
        <line num="13" count="0" type="stmt"/>
        <line num="146" count="1" type="stmt"/>
      </file>
    </package>
    <package name="capstone-backend.models">
      <metrics statements="3" coveredstatements="3" conditionals="0" coveredconditionals="0" methods="0" coveredmethods="0"/>
      <file name="store.js" path="/Users/johnliu/Projects/src/github.com/stoic-llama/capstone-backend/models/store.js">
        <metrics statements="3" coveredstatements="3" conditionals="0" coveredconditionals="0" methods="0" coveredmethods="0"/>
        <line num="1" count="1" type="stmt"/>
        <line num="3" count="1" type="stmt"/>
        <line num="55" count="1" type="stmt"/>
      </file>
    </package>
    <package name="capstone-backend.routes">
      <metrics statements="6" coveredstatements="6" conditionals="0" coveredconditionals="0" methods="0" coveredmethods="0"/>
      <file name="route.js" path="/Users/johnliu/Projects/src/github.com/stoic-llama/capstone-backend/routes/route.js">
        <metrics statements="6" coveredstatements="6" conditionals="0" coveredconditionals="0" methods="0" coveredmethods="0"/>
        <line num="1" count="1" type="stmt"/>
        <line num="2" count="1" type="stmt"/>
        <line num="3" count="1" type="stmt"/>
        <line num="7" count="1" type="stmt"/>
        <line num="8" count="1" type="stmt"/>
        <line num="11" count="1" type="stmt"/>
      </file>
    </package>
  </project>
</coverage>
