{"/Users/johnliu/Projects/src/github.com/stoic-llama/capstone-backend/app.js": {"path":"/Users/johnliu/Projects/src/github.com/stoic-llama/capstone-backend/app.js","statementMap":{"0":{"start":{"line":10,"column":0},"end":{"line":10,"column":26}},"1":{"start":{"line":12,"column":16},"end":{"line":12,"column":34}},"2":{"start":{"line":13,"column":15},"end":{"line":13,"column":40}},"3":{"start":{"line":14,"column":12},"end":{"line":14,"column":21}},"4":{"start":{"line":15,"column":19},"end":{"line":15,"column":53}},"5":{"start":{"line":23,"column":0},"end":{"line":28,"column":5}},"6":{"start":{"line":24,"column":4},"end":{"line":24,"column":57}},"7":{"start":{"line":25,"column":4},"end":{"line":25,"column":51}},"8":{"start":{"line":26,"column":4},"end":{"line":26,"column":97}},"9":{"start":{"line":27,"column":4},"end":{"line":27,"column":11}},"10":{"start":{"line":31,"column":0},"end":{"line":31,"column":23}},"11":{"start":{"line":33,"column":0},"end":{"line":36,"column":5}},"12":{"start":{"line":34,"column":4},"end":{"line":34,"column":29}},"13":{"start":{"line":35,"column":4},"end":{"line":35,"column":45}},"14":{"start":{"line":38,"column":0},"end":{"line":40,"column":2}},"15":{"start":{"line":39,"column":4},"end":{"line":39,"column":29}},"16":{"start":{"line":42,"column":0},"end":{"line":42,"column":28}},"17":{"start":{"line":44,"column":0},"end":{"line":44,"column":20}}},"fnMap":{"0":{"name":"(anonymous_0)","decl":{"start":{"line":23,"column":8},"end":{"line":23,"column":9}},"loc":{"start":{"line":23,"column":33},"end":{"line":28,"column":3}},"line":23},"1":{"name":"(anonymous_1)","decl":{"start":{"line":33,"column":8},"end":{"line":33,"column":9}},"loc":{"start":{"line":33,"column":33},"end":{"line":36,"column":3}},"line":33},"2":{"name":"(anonymous_2)","decl":{"start":{"line":38,"column":13},"end":{"line":38,"column":14}},"loc":{"start":{"line":38,"column":27},"end":{"line":40,"column":1}},"line":38}},"branchMap":{},"s":{"0":1,"1":1,"2":1,"3":1,"4":1,"5":1,"6":3,"7":3,"8":3,"9":3,"10":1,"11":1,"12":0,"13":0,"14":1,"15":1,"16":1,"17":1},"f":{"0":3,"1":0,"2":1},"b":{},"_coverageSchema":"1a1c01bbd47fc00a2c39e90264f33305004495a9","hash":"727096139834efd1f3d63faa3e5f3924bbb16f10"}
,"/Users/johnliu/Projects/src/github.com/stoic-llama/capstone-backend/controllers/healthcheckController.js": {"path":"/Users/johnliu/Projects/src/github.com/stoic-llama/capstone-backend/controllers/healthcheckController.js","statementMap":{"0":{"start":{"line":8,"column":20},"end":{"line":25,"column":1}},"1":{"start":{"line":9,"column":22},"end":{"line":14,"column":5}},"2":{"start":{"line":15,"column":4},"end":{"line":24,"column":5}},"3":{"start":{"line":16,"column":8},"end":{"line":16,"column":40}},"4":{"start":{"line":18,"column":8},"end":{"line":23,"column":11}},"5":{"start":{"line":28,"column":16},"end":{"line":28,"column":18}},"6":{"start":{"line":29,"column":11},"end":{"line":29,"column":31}},"7":{"start":{"line":33,"column":3},"end":{"line":43,"column":53}},"8":{"start":{"line":47,"column":3},"end":{"line":47,"column":17}},"9":{"start":{"line":51,"column":0},"end":{"line":53,"column":2}}},"fnMap":{"0":{"name":"(anonymous_0)","decl":{"start":{"line":8,"column":20},"end":{"line":8,"column":21}},"loc":{"start":{"line":8,"column":40},"end":{"line":25,"column":1}},"line":8},"1":{"name":"formattedDateNow","decl":{"start":{"line":27,"column":9},"end":{"line":27,"column":25}},"loc":{"start":{"line":27,"column":28},"end":{"line":48,"column":1}},"line":27}},"branchMap":{},"s":{"0":1,"1":1,"2":1,"3":1,"4":0,"5":1,"6":1,"7":1,"8":1,"9":1},"f":{"0":1,"1":1},"b":{},"_coverageSchema":"1a1c01bbd47fc00a2c39e90264f33305004495a9","hash":"8783d024a5169f737bf65617b7fbfb8a1999be67"}
,"/Users/johnliu/Projects/src/github.com/stoic-llama/capstone-backend/controllers/storesController.js": {"path":"/Users/johnliu/Projects/src/github.com/stoic-llama/capstone-backend/controllers/storesController.js","statementMap":{"0":{"start":{"line":1,"column":14},"end":{"line":1,"column":40}},"1":{"start":{"line":5,"column":22},"end":{"line":15,"column":1}},"2":{"start":{"line":9,"column":4},"end":{"line":14,"column":5}},"3":{"start":{"line":10,"column":23},"end":{"line":10,"column":41}},"4":{"start":{"line":11,"column":8},"end":{"line":11,"column":24}},"5":{"start":{"line":13,"column":8},"end":{"line":13,"column":52}},"6":{"start":{"line":146,"column":0},"end":{"line":148,"column":2}}},"fnMap":{"0":{"name":"(anonymous_0)","decl":{"start":{"line":5,"column":22},"end":{"line":5,"column":23}},"loc":{"start":{"line":5,"column":42},"end":{"line":15,"column":1}},"line":5}},"branchMap":{},"s":{"0":1,"1":1,"2":0,"3":0,"4":0,"5":0,"6":1},"f":{"0":0},"b":{},"_coverageSchema":"1a1c01bbd47fc00a2c39e90264f33305004495a9","hash":"78821bebd9c331dcbbaac222cf79359e0f2f94bc"}
,"/Users/johnliu/Projects/src/github.com/stoic-llama/capstone-backend/models/store.js": {"path":"/Users/johnliu/Projects/src/github.com/stoic-llama/capstone-backend/models/store.js","statementMap":{"0":{"start":{"line":1,"column":17},"end":{"line":1,"column":36}},"1":{"start":{"line":3,"column":21},"end":{"line":52,"column":2}},"2":{"start":{"line":55,"column":0},"end":{"line":55,"column":54}}},"fnMap":{},"branchMap":{},"s":{"0":1,"1":1,"2":1},"f":{},"b":{},"_coverageSchema":"1a1c01bbd47fc00a2c39e90264f33305004495a9","hash":"35f1c0d5a18a4c80ea9e6e6897d90192595ed7cb"}
,"/Users/johnliu/Projects/src/github.com/stoic-llama/capstone-backend/routes/route.js": {"path":"/Users/johnliu/Projects/src/github.com/stoic-llama/capstone-backend/routes/route.js","statementMap":{"0":{"start":{"line":1,"column":15},"end":{"line":1,"column":42}},"1":{"start":{"line":2,"column":24},"end":{"line":2,"column":74}},"2":{"start":{"line":3,"column":26},"end":{"line":3,"column":71}},"3":{"start":{"line":7,"column":0},"end":{"line":7,"column":39}},"4":{"start":{"line":8,"column":0},"end":{"line":8,"column":44}},"5":{"start":{"line":11,"column":0},"end":{"line":11,"column":23}}},"fnMap":{},"branchMap":{},"s":{"0":1,"1":1,"2":1,"3":1,"4":1,"5":1},"f":{},"b":{},"_coverageSchema":"1a1c01bbd47fc00a2c39e90264f33305004495a9","hash":"1af7781c9c1ba47f517a2e7a282d61e202dc2ad4"}
}
