TN:
SF:app.js
FN:23,(anonymous_0)
FN:33,(anonymous_1)
FN:38,(anonymous_2)
FNF:3
FNH:2
FNDA:3,(anonymous_0)
FNDA:0,(anonymous_1)
FNDA:1,(anonymous_2)
DA:10,1
DA:12,1
DA:13,1
DA:14,1
DA:15,1
DA:23,1
DA:24,3
DA:25,3
DA:26,3
DA:27,3
DA:31,1
DA:33,1
DA:34,0
DA:35,0
DA:38,1
DA:39,1
DA:42,1
DA:44,1
LF:18
LH:16
BRF:0
BRH:0
end_of_record
TN:
SF:controllers/healthcheckController.js
FN:8,(anonymous_0)
FN:27,formattedDateNow
FNF:2
FNH:2
FNDA:1,(anonymous_0)
FNDA:1,formattedDateNow
DA:8,1
DA:9,1
DA:15,1
DA:16,1
DA:18,0
DA:28,1
DA:29,1
DA:33,1
DA:47,1
DA:51,1
LF:10
LH:9
BRF:0
BRH:0
end_of_record
TN:
SF:controllers/storesController.js
FN:5,(anonymous_0)
FNF:1
FNH:0
FNDA:0,(anonymous_0)
DA:1,1
DA:5,1
DA:9,0
DA:10,0
DA:11,0
DA:13,0
DA:146,1
LF:7
LH:3
BRF:0
BRH:0
end_of_record
TN:
SF:models/store.js
FNF:0
FNH:0
DA:1,1
DA:3,1
DA:55,1
LF:3
LH:3
BRF:0
BRH:0
end_of_record
TN:
SF:routes/route.js
FNF:0
FNH:0
DA:1,1
DA:2,1
DA:3,1
DA:7,1
DA:8,1
DA:11,1
LF:6
LH:6
BRF:0
BRH:0
end_of_record
